[debug] [2025-07-02T05:57:40.585Z] ----------------------------------------------------------------------
[debug] [2025-07-02T05:57:40.593Z] Command:       /opt/homebrew/Cellar/node/23.7.0/bin/node /opt/homebrew/bin/firebase deploy --only functions
[debug] [2025-07-02T05:57:40.594Z] CLI Version:   14.6.0
[debug] [2025-07-02T05:57:40.594Z] Platform:      darwin
[debug] [2025-07-02T05:57:40.594Z] Node Version:  v23.7.0
[debug] [2025-07-02T05:57:40.594Z] Time:          Wed Jul 02 2025 00:57:40 GMT-0500 (Central Daylight Time)
[debug] [2025-07-02T05:57:40.594Z] ----------------------------------------------------------------------
[debug] 
[debug] [2025-07-02T05:57:40.692Z] > command requires scopes: ["email","openid","https://www.googleapis.com/auth/cloudplatformprojects.readonly","https://www.googleapis.com/auth/firebase","https://www.googleapis.com/auth/cloud-platform"]
[debug] [2025-07-02T05:57:40.693Z] > authorizing via signed-in user (christiandcattaneo@gmail.com)
[debug] [2025-07-02T05:57:40.693Z] [iam] checking project shift-12948 for permissions ["cloudfunctions.functions.create","cloudfunctions.functions.delete","cloudfunctions.functions.get","cloudfunctions.functions.list","cloudfunctions.functions.update","cloudfunctions.operations.get","firebase.projects.get"]
[debug] [2025-07-02T05:57:40.693Z] Checked if tokens are valid: true, expires at: 1751438840580
[debug] [2025-07-02T05:57:40.693Z] Checked if tokens are valid: true, expires at: 1751438840580
[debug] [2025-07-02T05:57:40.694Z] >>> [apiv2][query] POST https://cloudresourcemanager.googleapis.com/v1/projects/shift-12948:testIamPermissions [none]
[debug] [2025-07-02T05:57:40.694Z] >>> [apiv2][(partial)header] POST https://cloudresourcemanager.googleapis.com/v1/projects/shift-12948:testIamPermissions x-goog-quota-user=projects/shift-12948
[debug] [2025-07-02T05:57:40.694Z] >>> [apiv2][body] POST https://cloudresourcemanager.googleapis.com/v1/projects/shift-12948:testIamPermissions {"permissions":["cloudfunctions.functions.create","cloudfunctions.functions.delete","cloudfunctions.functions.get","cloudfunctions.functions.list","cloudfunctions.functions.update","cloudfunctions.operations.get","firebase.projects.get"]}
[debug] [2025-07-02T05:57:40.956Z] <<< [apiv2][status] POST https://cloudresourcemanager.googleapis.com/v1/projects/shift-12948:testIamPermissions 200
[debug] [2025-07-02T05:57:40.957Z] <<< [apiv2][body] POST https://cloudresourcemanager.googleapis.com/v1/projects/shift-12948:testIamPermissions {"permissions":["cloudfunctions.functions.create","cloudfunctions.functions.delete","cloudfunctions.functions.get","cloudfunctions.functions.list","cloudfunctions.functions.update","cloudfunctions.operations.get","firebase.projects.get"]}
[debug] [2025-07-02T05:57:40.957Z] Checked if tokens are valid: true, expires at: 1751438840580
[debug] [2025-07-02T05:57:40.957Z] Checked if tokens are valid: true, expires at: 1751438840580
[debug] [2025-07-02T05:57:40.957Z] >>> [apiv2][query] POST https://iam.googleapis.com/v1/projects/shift-12948/serviceAccounts/shift-12948@appspot.gserviceaccount.com:testIamPermissions [none]
[debug] [2025-07-02T05:57:40.957Z] >>> [apiv2][body] POST https://iam.googleapis.com/v1/projects/shift-12948/serviceAccounts/shift-12948@appspot.gserviceaccount.com:testIamPermissions {"permissions":["iam.serviceAccounts.actAs"]}
[debug] [2025-07-02T05:57:41.146Z] <<< [apiv2][status] POST https://iam.googleapis.com/v1/projects/shift-12948/serviceAccounts/shift-12948@appspot.gserviceaccount.com:testIamPermissions 200
[debug] [2025-07-02T05:57:41.146Z] <<< [apiv2][body] POST https://iam.googleapis.com/v1/projects/shift-12948/serviceAccounts/shift-12948@appspot.gserviceaccount.com:testIamPermissions {"permissions":["iam.serviceAccounts.actAs"]}
[info] 
[info] === Deploying to 'shift-12948'...
[info] 
[info] i  deploying functions 
[info] Running command: npm --prefix "$RESOURCE_DIR" run lint
[info] ✔  functions: Finished running predeploy script. 
[debug] [2025-07-02T05:57:41.409Z] Checked if tokens are valid: true, expires at: 1751438840580
[debug] [2025-07-02T05:57:41.409Z] Checked if tokens are valid: true, expires at: 1751438840580
[debug] [2025-07-02T05:57:41.409Z] >>> [apiv2][query] GET https://serviceusage.googleapis.com/v1/projects/shift-12948/services/cloudresourcemanager.googleapis.com [none]
[debug] [2025-07-02T05:57:41.409Z] >>> [apiv2][(partial)header] GET https://serviceusage.googleapis.com/v1/projects/shift-12948/services/cloudresourcemanager.googleapis.com x-goog-quota-user=projects/shift-12948
[debug] [2025-07-02T05:57:41.655Z] <<< [apiv2][status] GET https://serviceusage.googleapis.com/v1/projects/shift-12948/services/cloudresourcemanager.googleapis.com 200
[debug] [2025-07-02T05:57:41.655Z] <<< [apiv2][body] GET https://serviceusage.googleapis.com/v1/projects/shift-12948/services/cloudresourcemanager.googleapis.com [omitted]
[debug] [2025-07-02T05:57:41.655Z] Checked if tokens are valid: true, expires at: 1751438840580
[debug] [2025-07-02T05:57:41.655Z] Checked if tokens are valid: true, expires at: 1751438840580
[debug] [2025-07-02T05:57:41.655Z] >>> [apiv2][query] GET https://cloudresourcemanager.googleapis.com/v1/projects/shift-12948 [none]
[debug] [2025-07-02T05:57:41.727Z] <<< [apiv2][status] GET https://cloudresourcemanager.googleapis.com/v1/projects/shift-12948 200
[debug] [2025-07-02T05:57:41.728Z] <<< [apiv2][body] GET https://cloudresourcemanager.googleapis.com/v1/projects/shift-12948 {"projectNumber":"85350339181","projectId":"shift-12948","lifecycleState":"ACTIVE","name":"Shift","labels":{"firebase":"enabled","firebase-core":"disabled"},"createTime":"2025-06-21T21:29:42.475022Z"}
[info] i  functions: preparing codebase default for deployment 
[info] i  functions: ensuring required API cloudfunctions.googleapis.com is enabled... 
[debug] [2025-07-02T05:57:41.729Z] Checked if tokens are valid: true, expires at: 1751438840580
[debug] [2025-07-02T05:57:41.729Z] Checked if tokens are valid: true, expires at: 1751438840580
[debug] [2025-07-02T05:57:41.729Z] Checked if tokens are valid: true, expires at: 1751438840580
[debug] [2025-07-02T05:57:41.729Z] Checked if tokens are valid: true, expires at: 1751438840580
[info] i  functions: ensuring required API cloudbuild.googleapis.com is enabled... 
[debug] [2025-07-02T05:57:41.729Z] Checked if tokens are valid: true, expires at: 1751438840580
[debug] [2025-07-02T05:57:41.729Z] Checked if tokens are valid: true, expires at: 1751438840580
[info] i  artifactregistry: ensuring required API artifactregistry.googleapis.com is enabled... 
[debug] [2025-07-02T05:57:41.729Z] Checked if tokens are valid: true, expires at: 1751438840580
[debug] [2025-07-02T05:57:41.729Z] Checked if tokens are valid: true, expires at: 1751438840580
[debug] [2025-07-02T05:57:41.729Z] >>> [apiv2][query] GET https://serviceusage.googleapis.com/v1/projects/shift-12948/services/cloudfunctions.googleapis.com [none]
[debug] [2025-07-02T05:57:41.729Z] >>> [apiv2][(partial)header] GET https://serviceusage.googleapis.com/v1/projects/shift-12948/services/cloudfunctions.googleapis.com x-goog-quota-user=projects/shift-12948
[debug] [2025-07-02T05:57:41.730Z] >>> [apiv2][query] GET https://serviceusage.googleapis.com/v1/projects/shift-12948/services/runtimeconfig.googleapis.com [none]
[debug] [2025-07-02T05:57:41.730Z] >>> [apiv2][(partial)header] GET https://serviceusage.googleapis.com/v1/projects/shift-12948/services/runtimeconfig.googleapis.com x-goog-quota-user=projects/shift-12948
[debug] [2025-07-02T05:57:41.731Z] >>> [apiv2][query] GET https://serviceusage.googleapis.com/v1/projects/shift-12948/services/cloudbuild.googleapis.com [none]
[debug] [2025-07-02T05:57:41.731Z] >>> [apiv2][(partial)header] GET https://serviceusage.googleapis.com/v1/projects/shift-12948/services/cloudbuild.googleapis.com x-goog-quota-user=projects/shift-12948
[debug] [2025-07-02T05:57:41.733Z] >>> [apiv2][query] GET https://serviceusage.googleapis.com/v1/projects/shift-12948/services/artifactregistry.googleapis.com [none]
[debug] [2025-07-02T05:57:41.733Z] >>> [apiv2][(partial)header] GET https://serviceusage.googleapis.com/v1/projects/shift-12948/services/artifactregistry.googleapis.com x-goog-quota-user=projects/shift-12948
[debug] [2025-07-02T05:57:41.875Z] <<< [apiv2][status] GET https://serviceusage.googleapis.com/v1/projects/shift-12948/services/cloudfunctions.googleapis.com 200
[debug] [2025-07-02T05:57:41.875Z] <<< [apiv2][body] GET https://serviceusage.googleapis.com/v1/projects/shift-12948/services/cloudfunctions.googleapis.com [omitted]
[info] ✔  functions: required API cloudfunctions.googleapis.com is enabled 
[debug] [2025-07-02T05:57:41.880Z] <<< [apiv2][status] GET https://serviceusage.googleapis.com/v1/projects/shift-12948/services/cloudbuild.googleapis.com 200
[debug] [2025-07-02T05:57:41.880Z] <<< [apiv2][body] GET https://serviceusage.googleapis.com/v1/projects/shift-12948/services/cloudbuild.googleapis.com [omitted]
[info] ✔  functions: required API cloudbuild.googleapis.com is enabled 
[debug] [2025-07-02T05:57:41.918Z] <<< [apiv2][status] GET https://serviceusage.googleapis.com/v1/projects/shift-12948/services/runtimeconfig.googleapis.com 200
[debug] [2025-07-02T05:57:41.919Z] <<< [apiv2][body] GET https://serviceusage.googleapis.com/v1/projects/shift-12948/services/runtimeconfig.googleapis.com [omitted]
[debug] [2025-07-02T05:57:41.922Z] <<< [apiv2][status] GET https://serviceusage.googleapis.com/v1/projects/shift-12948/services/artifactregistry.googleapis.com 200
[debug] [2025-07-02T05:57:41.923Z] <<< [apiv2][body] GET https://serviceusage.googleapis.com/v1/projects/shift-12948/services/artifactregistry.googleapis.com [omitted]
[info] ✔  artifactregistry: required API artifactregistry.googleapis.com is enabled 
[debug] [2025-07-02T05:57:41.923Z] Checked if tokens are valid: true, expires at: 1751438840580
[debug] [2025-07-02T05:57:41.923Z] Checked if tokens are valid: true, expires at: 1751438840580
[debug] [2025-07-02T05:57:41.923Z] >>> [apiv2][query] GET https://firebase.googleapis.com/v1beta1/projects/shift-12948/adminSdkConfig [none]
[debug] [2025-07-02T05:57:42.127Z] <<< [apiv2][status] GET https://firebase.googleapis.com/v1beta1/projects/shift-12948/adminSdkConfig 200
[debug] [2025-07-02T05:57:42.127Z] <<< [apiv2][body] GET https://firebase.googleapis.com/v1beta1/projects/shift-12948/adminSdkConfig {"projectId":"shift-12948","storageBucket":"shift-12948.firebasestorage.app"}
[debug] [2025-07-02T05:57:42.128Z] Checked if tokens are valid: true, expires at: 1751438840580
[debug] [2025-07-02T05:57:42.128Z] Checked if tokens are valid: true, expires at: 1751438840580
[debug] [2025-07-02T05:57:42.128Z] >>> [apiv2][query] GET https://runtimeconfig.googleapis.com/v1beta1/projects/shift-12948/configs [none]
[debug] [2025-07-02T05:57:42.284Z] <<< [apiv2][status] GET https://runtimeconfig.googleapis.com/v1beta1/projects/shift-12948/configs 200
[debug] [2025-07-02T05:57:42.284Z] <<< [apiv2][body] GET https://runtimeconfig.googleapis.com/v1beta1/projects/shift-12948/configs {}
[debug] [2025-07-02T05:57:42.285Z] Validating nodejs source
[warn] ⚠  functions: package.json indicates an outdated version of firebase-functions. Please upgrade using npm install --save firebase-functions@latest in your functions directory. 
[warn] ⚠  functions: Please note that there will be breaking changes when you upgrade. 
[debug] [2025-07-02T05:57:42.732Z] > [functions] package.json contents: {
  "name": "functions",
  "description": "Cloud Functions for Firebase",
  "scripts": {
    "lint": "echo 'No linting configured'",
    "serve": "firebase emulators:start --only functions",
    "shell": "firebase functions:shell",
    "start": "npm run shell",
    "deploy": "firebase deploy --only functions",
    "logs": "firebase functions:log"
  },
  "engines": {
    "node": "20"
  },
  "main": "index.js",
  "dependencies": {
    "firebase-admin": "^12.0.0",
    "firebase-functions": "^5.1.1"
  },
  "devDependencies": {
    "firebase-functions-test": "^3.1.0"
  },
  "private": true
}
[debug] [2025-07-02T05:57:42.732Z] Building nodejs source
[info] i  functions: Loading and analyzing source code for codebase default to determine what to deploy 
[debug] [2025-07-02T05:57:42.732Z] Could not find functions.yaml. Must use http discovery
[debug] [2025-07-02T05:57:42.740Z] Found firebase-functions binary at '/Users/christiancattaneo/Projects/shift/functions/node_modules/.bin/firebase-functions'
[info] Serving at port 8301

[debug] [2025-07-02T05:57:43.267Z] Got response from /__/functions.yaml {"endpoints":{"mapProfileImages":{"platform":"gcfv1","availableMemoryMb":null,"timeoutSeconds":null,"minInstances":null,"maxInstances":null,"ingressSettings":null,"serviceAccountEmail":null,"vpc":null,"httpsTrigger":{},"entryPoint":"mapProfileImages"},"onUserCreated":{"platform":"gcfv1","availableMemoryMb":null,"timeoutSeconds":null,"minInstances":null,"maxInstances":null,"ingressSettings":null,"serviceAccountEmail":null,"vpc":null,"eventTrigger":{"eventType":"providers/cloud.firestore/eventTypes/document.create","eventFilters":{"resource":"projects/shift-12948/databases/(default)/documents/users/{userId}"},"retry":false},"labels":{},"entryPoint":"onUserCreated"},"onImageUpload":{"platform":"gcfv1","availableMemoryMb":null,"timeoutSeconds":null,"minInstances":null,"maxInstances":null,"ingressSettings":null,"serviceAccountEmail":null,"vpc":null,"eventTrigger":{"eventType":"google.storage.object.finalize","eventFilters":{"resource":"projects/_/buckets/shift-12948.firebasestorage.app"},"retry":false},"labels":{},"entryPoint":"onImageUpload"},"debugUserImage":{"platform":"gcfv1","availableMemoryMb":null,"timeoutSeconds":null,"minInstances":null,"maxInstances":null,"ingressSettings":null,"serviceAccountEmail":null,"vpc":null,"httpsTrigger":{},"entryPoint":"debugUserImage"},"completeMigration":{"platform":"gcfv1","availableMemoryMb":null,"timeoutSeconds":null,"minInstances":null,"maxInstances":null,"ingressSettings":null,"serviceAccountEmail":null,"vpc":null,"httpsTrigger":{},"entryPoint":"completeMigration"},"fixUserImage":{"platform":"gcfv1","availableMemoryMb":null,"timeoutSeconds":null,"minInstances":null,"maxInstances":null,"ingressSettings":null,"serviceAccountEmail":null,"vpc":null,"httpsTrigger":{},"entryPoint":"fixUserImage"},"updatePopularityScores":{"platform":"gcfv1","availableMemoryMb":null,"timeoutSeconds":null,"minInstances":null,"maxInstances":null,"ingressSettings":null,"serviceAccountEmail":null,"vpc":null,"scheduleTrigger":{"schedule":"every 30 minutes","retryConfig":{"retryCount":null,"maxDoublings":null,"maxRetryDuration":null,"maxBackoffDuration":null,"minBackoffDuration":null},"timeZone":null},"labels":{},"entryPoint":"updatePopularityScores"},"getTrendingEvents":{"platform":"gcfv1","availableMemoryMb":null,"timeoutSeconds":null,"minInstances":null,"maxInstances":null,"ingressSettings":null,"serviceAccountEmail":null,"vpc":null,"httpsTrigger":{},"entryPoint":"getTrendingEvents"},"updatePopularityOnCheckIn":{"platform":"gcfv1","availableMemoryMb":null,"timeoutSeconds":null,"minInstances":null,"maxInstances":null,"ingressSettings":null,"serviceAccountEmail":null,"vpc":null,"eventTrigger":{"eventType":"providers/cloud.firestore/eventTypes/document.create","eventFilters":{"resource":"projects/shift-12948/databases/(default)/documents/checkIns/{checkInId}"},"retry":false},"labels":{},"entryPoint":"updatePopularityOnCheckIn"},"updatePopularityOnCheckOut":{"platform":"gcfv1","availableMemoryMb":null,"timeoutSeconds":null,"minInstances":null,"maxInstances":null,"ingressSettings":null,"serviceAccountEmail":null,"vpc":null,"eventTrigger":{"eventType":"providers/cloud.firestore/eventTypes/document.update","eventFilters":{"resource":"projects/shift-12948/databases/(default)/documents/checkIns/{checkInId}"},"retry":false},"labels":{},"entryPoint":"updatePopularityOnCheckOut"},"getNearbyEvents":{"platform":"gcfv1","availableMemoryMb":null,"timeoutSeconds":null,"minInstances":null,"maxInstances":null,"ingressSettings":null,"serviceAccountEmail":null,"vpc":null,"httpsTrigger":{},"entryPoint":"getNearbyEvents"},"getUserCheckInAnalytics":{"platform":"gcfv1","availableMemoryMb":null,"timeoutSeconds":null,"minInstances":null,"maxInstances":null,"ingressSettings":null,"serviceAccountEmail":null,"vpc":null,"httpsTrigger":{},"entryPoint":"getUserCheckInAnalytics"},"migrateCheckInData":{"platform":"gcfv1","availableMemoryMb":null,"timeoutSeconds":null,"minInstances":null,"maxInstances":null,"ingressSettings":null,"serviceAccountEmail":null,"vpc":null,"httpsTrigger":{},"entryPoint":"migrateCheckInData"},"getCheckInDataStatus":{"platform":"gcfv1","availableMemoryMb":null,"timeoutSeconds":null,"minInstances":null,"maxInstances":null,"ingressSettings":null,"serviceAccountEmail":null,"vpc":null,"httpsTrigger":{},"entryPoint":"getCheckInDataStatus"},"inspectDetailedData":{"platform":"gcfv1","availableMemoryMb":null,"timeoutSeconds":null,"minInstances":null,"maxInstances":null,"ingressSettings":null,"serviceAccountEmail":null,"vpc":null,"httpsTrigger":{},"entryPoint":"inspectDetailedData"},"getCompatibleMembers":{"platform":"gcfv1","labels":{},"availableMemoryMb":null,"timeoutSeconds":null,"minInstances":null,"maxInstances":null,"ingressSettings":null,"serviceAccountEmail":null,"vpc":null,"callableTrigger":{},"entryPoint":"getCompatibleMembers"}},"specVersion":"v1alpha1","requiredAPIs":[{"api":"cloudscheduler.googleapis.com","reason":"Needed for scheduled functions."}],"extensions":{}}
[info] i  extensions: ensuring required API firebaseextensions.googleapis.com is enabled... 
[debug] [2025-07-02T05:57:47.289Z] Checked if tokens are valid: true, expires at: 1751438840580
[debug] [2025-07-02T05:57:47.289Z] Checked if tokens are valid: true, expires at: 1751438840580
[debug] [2025-07-02T05:57:47.289Z] >>> [apiv2][query] GET https://serviceusage.googleapis.com/v1/projects/shift-12948/services/firebaseextensions.googleapis.com [none]
[debug] [2025-07-02T05:57:47.289Z] >>> [apiv2][(partial)header] GET https://serviceusage.googleapis.com/v1/projects/shift-12948/services/firebaseextensions.googleapis.com x-goog-quota-user=projects/shift-12948
[debug] [2025-07-02T05:57:47.461Z] <<< [apiv2][status] GET https://serviceusage.googleapis.com/v1/projects/shift-12948/services/firebaseextensions.googleapis.com 200
[debug] [2025-07-02T05:57:47.461Z] <<< [apiv2][body] GET https://serviceusage.googleapis.com/v1/projects/shift-12948/services/firebaseextensions.googleapis.com [omitted]
[info] ✔  extensions: required API firebaseextensions.googleapis.com is enabled 
[debug] [2025-07-02T05:57:47.461Z] > command requires scopes: ["email","openid","https://www.googleapis.com/auth/cloudplatformprojects.readonly","https://www.googleapis.com/auth/firebase","https://www.googleapis.com/auth/cloud-platform"]
[debug] [2025-07-02T05:57:47.461Z] > authorizing via signed-in user (christiandcattaneo@gmail.com)
[debug] [2025-07-02T05:57:47.461Z] [iam] checking project shift-12948 for permissions ["firebase.projects.get","firebaseextensions.instances.list"]
[debug] [2025-07-02T05:57:47.461Z] Checked if tokens are valid: true, expires at: 1751438840580
[debug] [2025-07-02T05:57:47.461Z] Checked if tokens are valid: true, expires at: 1751438840580
[debug] [2025-07-02T05:57:47.461Z] >>> [apiv2][query] POST https://cloudresourcemanager.googleapis.com/v1/projects/shift-12948:testIamPermissions [none]
[debug] [2025-07-02T05:57:47.461Z] >>> [apiv2][(partial)header] POST https://cloudresourcemanager.googleapis.com/v1/projects/shift-12948:testIamPermissions x-goog-quota-user=projects/shift-12948
[debug] [2025-07-02T05:57:47.461Z] >>> [apiv2][body] POST https://cloudresourcemanager.googleapis.com/v1/projects/shift-12948:testIamPermissions {"permissions":["firebase.projects.get","firebaseextensions.instances.list"]}
[debug] [2025-07-02T05:57:47.626Z] <<< [apiv2][status] POST https://cloudresourcemanager.googleapis.com/v1/projects/shift-12948:testIamPermissions 200
[debug] [2025-07-02T05:57:47.626Z] <<< [apiv2][body] POST https://cloudresourcemanager.googleapis.com/v1/projects/shift-12948:testIamPermissions {"permissions":["firebase.projects.get","firebaseextensions.instances.list"]}
[debug] [2025-07-02T05:57:47.627Z] Checked if tokens are valid: true, expires at: 1751438840580
[debug] [2025-07-02T05:57:47.627Z] Checked if tokens are valid: true, expires at: 1751438840580
[debug] [2025-07-02T05:57:47.627Z] >>> [apiv2][query] GET https://firebaseextensions.googleapis.com/v1beta/projects/shift-12948/instances pageSize=100&pageToken=
[debug] [2025-07-02T05:57:47.858Z] <<< [apiv2][status] GET https://firebaseextensions.googleapis.com/v1beta/projects/shift-12948/instances 200
[debug] [2025-07-02T05:57:47.858Z] <<< [apiv2][body] GET https://firebaseextensions.googleapis.com/v1beta/projects/shift-12948/instances {}
[info] i  functions: preparing functions directory for uploading... 
[info] i  functions: packaged /Users/christiancattaneo/Projects/shift/functions (38.64 KB) for uploading 
[debug] [2025-07-02T05:57:47.876Z] Checked if tokens are valid: true, expires at: 1751438840580
[debug] [2025-07-02T05:57:47.876Z] Checked if tokens are valid: true, expires at: 1751438840580
[debug] [2025-07-02T05:57:47.876Z] >>> [apiv2][query] GET https://cloudfunctions.googleapis.com/v1/projects/shift-12948/locations/-/functions [none]
[debug] [2025-07-02T05:57:48.369Z] <<< [apiv2][status] GET https://cloudfunctions.googleapis.com/v1/projects/shift-12948/locations/-/functions 200
[debug] [2025-07-02T05:57:48.369Z] <<< [apiv2][body] GET https://cloudfunctions.googleapis.com/v1/projects/shift-12948/locations/-/functions {"functions":[{"name":"projects/shift-12948/locations/us-central1/functions/updatePopularityScores","eventTrigger":{"eventType":"google.pubsub.topic.publish","resource":"projects/shift-12948/topics/firebase-schedule-updatePopularityScores-us-central1","service":"pubsub.googleapis.com","failurePolicy":{}},"status":"ACTIVE","entryPoint":"updatePopularityScores","timeout":"60s","availableMemoryMb":256,"serviceAccountEmail":"shift-12948@appspot.gserviceaccount.com","updateTime":"2025-07-02T02:37:26.933Z","versionId":"2","labels":{"deployment-tool":"cli-firebase","deployment-scheduled":"true","firebase-functions-hash":"3bf54fe45ac208be3bcfadd4d67546392265187c"},"sourceUploadUrl":"https://storage.googleapis.com/uploads-1076870661512.us-central1.cloudfunctions.appspot.com/21caaaed-2077-49c7-942f-b06d1c831581.zip","environmentVariables":{"FIREBASE_CONFIG":"{\"projectId\":\"shift-12948\",\"storageBucket\":\"shift-12948.firebasestorage.app\"}","GCLOUD_PROJECT":"shift-12948","EVENTARC_CLOUD_EVENT_SOURCE":"projects/shift-12948/locations/us-central1/functions/updatePopularityScores"},"runtime":"nodejs20","maxInstances":3000,"ingressSettings":"ALLOW_ALL","buildId":"d9027729-0469-4ecb-9b3a-b0bedac77fa9","buildEnvironmentVariables":{"GOOGLE_NODE_RUN_SCRIPTS":""},"buildName":"projects/85350339181/locations/us-central1/builds/d9027729-0469-4ecb-9b3a-b0bedac77fa9","dockerRegistry":"ARTIFACT_REGISTRY","automaticUpdatePolicy":{},"buildServiceAccount":"projects/shift-12948/serviceAccounts/85350339181-compute@developer.gserviceaccount.com","satisfiesPzi":true},{"name":"projects/shift-12948/locations/us-central1/functions/updatePopularityOnCheckIn","eventTrigger":{"eventType":"providers/cloud.firestore/eventTypes/document.create","resource":"projects/shift-12948/databases/(default)/documents/checkIns/{checkInId}","service":"firestore.googleapis.com","failurePolicy":{}},"status":"ACTIVE","entryPoint":"updatePopularityOnCheckIn","timeout":"60s","availableMemoryMb":256,"serviceAccountEmail":"shift-12948@appspot.gserviceaccount.com","updateTime":"2025-07-02T02:37:25.925Z","versionId":"2","labels":{"deployment-tool":"cli-firebase","firebase-functions-hash":"3bf54fe45ac208be3bcfadd4d67546392265187c"},"sourceUploadUrl":"https://storage.googleapis.com/uploads-1076870661512.us-central1.cloudfunctions.appspot.com/21caaaed-2077-49c7-942f-b06d1c831581.zip","environmentVariables":{"FIREBASE_CONFIG":"{\"projectId\":\"shift-12948\",\"storageBucket\":\"shift-12948.firebasestorage.app\"}","GCLOUD_PROJECT":"shift-12948","EVENTARC_CLOUD_EVENT_SOURCE":"projects/shift-12948/locations/us-central1/functions/updatePopularityOnCheckIn"},"runtime":"nodejs20","maxInstances":3000,"ingressSettings":"ALLOW_ALL","buildId":"d9027729-0469-4ecb-9b3a-b0bedac77fa9","buildEnvironmentVariables":{"GOOGLE_NODE_RUN_SCRIPTS":""},"buildName":"projects/85350339181/locations/us-central1/builds/d9027729-0469-4ecb-9b3a-b0bedac77fa9","dockerRegistry":"ARTIFACT_REGISTRY","automaticUpdatePolicy":{},"buildServiceAccount":"projects/shift-12948/serviceAccounts/85350339181-compute@developer.gserviceaccount.com","satisfiesPzi":true},{"name":"projects/shift-12948/locations/us-central1/functions/completeMigration","httpsTrigger":{"url":"https://us-central1-shift-12948.cloudfunctions.net/completeMigration","securityLevel":"SECURE_ALWAYS"},"status":"ACTIVE","entryPoint":"completeMigration","timeout":"60s","availableMemoryMb":256,"serviceAccountEmail":"shift-12948@appspot.gserviceaccount.com","updateTime":"2025-07-02T02:37:31.184Z","versionId":"3","labels":{"firebase-functions-hash":"3bf54fe45ac208be3bcfadd4d67546392265187c","deployment-tool":"cli-firebase"},"sourceUploadUrl":"https://storage.googleapis.com/uploads-1076870661512.us-central1.cloudfunctions.appspot.com/21caaaed-2077-49c7-942f-b06d1c831581.zip","environmentVariables":{"FIREBASE_CONFIG":"{\"projectId\":\"shift-12948\",\"storageBucket\":\"shift-12948.firebasestorage.app\"}","GCLOUD_PROJECT":"shift-12948","EVENTARC_CLOUD_EVENT_SOURCE":"projects/shift-12948/locations/us-central1/functions/completeMigration"},"runtime":"nodejs20","ingressSettings":"ALLOW_ALL","buildId":"d9027729-0469-4ecb-9b3a-b0bedac77fa9","buildEnvironmentVariables":{"GOOGLE_NODE_RUN_SCRIPTS":""},"buildName":"projects/85350339181/locations/us-central1/builds/d9027729-0469-4ecb-9b3a-b0bedac77fa9","dockerRegistry":"ARTIFACT_REGISTRY","automaticUpdatePolicy":{},"buildServiceAccount":"projects/shift-12948/serviceAccounts/85350339181-compute@developer.gserviceaccount.com","satisfiesPzi":true},{"name":"projects/shift-12948/locations/us-central1/functions/getUserCheckInAnalytics","httpsTrigger":{"url":"https://us-central1-shift-12948.cloudfunctions.net/getUserCheckInAnalytics","securityLevel":"SECURE_ALWAYS"},"status":"ACTIVE","entryPoint":"getUserCheckInAnalytics","timeout":"60s","availableMemoryMb":256,"serviceAccountEmail":"shift-12948@appspot.gserviceaccount.com","updateTime":"2025-07-02T02:36:59.076124988Z","versionId":"1","labels":{"deployment-tool":"cli-firebase","firebase-functions-hash":"3bf54fe45ac208be3bcfadd4d67546392265187c"},"sourceUploadUrl":"https://storage.googleapis.com/uploads-1076870661512.us-central1.cloudfunctions.appspot.com/21caaaed-2077-49c7-942f-b06d1c831581.zip","environmentVariables":{"FIREBASE_CONFIG":"{\"projectId\":\"shift-12948\",\"storageBucket\":\"shift-12948.firebasestorage.app\"}","GCLOUD_PROJECT":"shift-12948","EVENTARC_CLOUD_EVENT_SOURCE":"projects/shift-12948/locations/us-central1/functions/getUserCheckInAnalytics"},"runtime":"nodejs20","ingressSettings":"ALLOW_ALL","buildId":"d9027729-0469-4ecb-9b3a-b0bedac77fa9","buildEnvironmentVariables":{"GOOGLE_NODE_RUN_SCRIPTS":""},"buildName":"projects/85350339181/locations/us-central1/builds/d9027729-0469-4ecb-9b3a-b0bedac77fa9","dockerRegistry":"ARTIFACT_REGISTRY","automaticUpdatePolicy":{},"buildServiceAccount":"projects/shift-12948/serviceAccounts/85350339181-compute@developer.gserviceaccount.com","satisfiesPzi":true},{"name":"projects/shift-12948/locations/us-central1/functions/getCheckInDataStatus","httpsTrigger":{"url":"https://us-central1-shift-12948.cloudfunctions.net/getCheckInDataStatus","securityLevel":"SECURE_ALWAYS"},"status":"ACTIVE","entryPoint":"getCheckInDataStatus","timeout":"60s","availableMemoryMb":256,"serviceAccountEmail":"shift-12948@appspot.gserviceaccount.com","updateTime":"2025-07-02T02:37:15.888889847Z","versionId":"1","labels":{"deployment-tool":"cli-firebase","firebase-functions-hash":"3bf54fe45ac208be3bcfadd4d67546392265187c"},"sourceUploadUrl":"https://storage.googleapis.com/uploads-1076870661512.us-central1.cloudfunctions.appspot.com/21caaaed-2077-49c7-942f-b06d1c831581.zip","environmentVariables":{"FIREBASE_CONFIG":"{\"projectId\":\"shift-12948\",\"storageBucket\":\"shift-12948.firebasestorage.app\"}","GCLOUD_PROJECT":"shift-12948","EVENTARC_CLOUD_EVENT_SOURCE":"projects/shift-12948/locations/us-central1/functions/getCheckInDataStatus"},"runtime":"nodejs20","ingressSettings":"ALLOW_ALL","buildId":"d9027729-0469-4ecb-9b3a-b0bedac77fa9","buildEnvironmentVariables":{"GOOGLE_NODE_RUN_SCRIPTS":""},"buildName":"projects/85350339181/locations/us-central1/builds/d9027729-0469-4ecb-9b3a-b0bedac77fa9","dockerRegistry":"ARTIFACT_REGISTRY","automaticUpdatePolicy":{},"buildServiceAccount":"projects/shift-12948/serviceAccounts/85350339181-compute@developer.gserviceaccount.com","satisfiesPzi":true},{"name":"projects/shift-12948/locations/us-central1/functions/debugUserImage","httpsTrigger":{"url":"https://us-central1-shift-12948.cloudfunctions.net/debugUserImage","securityLevel":"SECURE_ALWAYS"},"status":"ACTIVE","entryPoint":"debugUserImage","timeout":"60s","availableMemoryMb":256,"serviceAccountEmail":"shift-12948@appspot.gserviceaccount.com","updateTime":"2025-07-02T02:37:30.951Z","versionId":"4","labels":{"deployment-tool":"cli-firebase","firebase-functions-hash":"3bf54fe45ac208be3bcfadd4d67546392265187c"},"sourceUploadUrl":"https://storage.googleapis.com/uploads-1076870661512.us-central1.cloudfunctions.appspot.com/21caaaed-2077-49c7-942f-b06d1c831581.zip","environmentVariables":{"FIREBASE_CONFIG":"{\"projectId\":\"shift-12948\",\"storageBucket\":\"shift-12948.firebasestorage.app\"}","GCLOUD_PROJECT":"shift-12948","EVENTARC_CLOUD_EVENT_SOURCE":"projects/shift-12948/locations/us-central1/functions/debugUserImage"},"runtime":"nodejs20","ingressSettings":"ALLOW_ALL","buildId":"d9027729-0469-4ecb-9b3a-b0bedac77fa9","buildEnvironmentVariables":{"GOOGLE_NODE_RUN_SCRIPTS":""},"buildName":"projects/85350339181/locations/us-central1/builds/d9027729-0469-4ecb-9b3a-b0bedac77fa9","dockerRegistry":"ARTIFACT_REGISTRY","automaticUpdatePolicy":{},"buildServiceAccount":"projects/shift-12948/serviceAccounts/85350339181-compute@developer.gserviceaccount.com","satisfiesPzi":true},{"name":"projects/shift-12948/locations/us-central1/functions/onImageUpload","eventTrigger":{"eventType":"google.storage.object.finalize","resource":"projects/_/buckets/shift-12948.firebasestorage.app","service":"storage.googleapis.com","failurePolicy":{}},"status":"ACTIVE","entryPoint":"onImageUpload","timeout":"60s","availableMemoryMb":256,"serviceAccountEmail":"shift-12948@appspot.gserviceaccount.com","updateTime":"2025-07-02T02:37:28.578Z","versionId":"6","labels":{"deployment-tool":"cli-firebase","firebase-functions-hash":"3bf54fe45ac208be3bcfadd4d67546392265187c"},"sourceUploadUrl":"https://storage.googleapis.com/uploads-1076870661512.us-central1.cloudfunctions.appspot.com/21caaaed-2077-49c7-942f-b06d1c831581.zip","environmentVariables":{"FIREBASE_CONFIG":"{\"projectId\":\"shift-12948\",\"storageBucket\":\"shift-12948.firebasestorage.app\"}","GCLOUD_PROJECT":"shift-12948","EVENTARC_CLOUD_EVENT_SOURCE":"projects/shift-12948/locations/us-central1/functions/onImageUpload"},"runtime":"nodejs20","maxInstances":3000,"ingressSettings":"ALLOW_ALL","buildId":"d9027729-0469-4ecb-9b3a-b0bedac77fa9","buildEnvironmentVariables":{"GOOGLE_NODE_RUN_SCRIPTS":""},"buildName":"projects/85350339181/locations/us-central1/builds/d9027729-0469-4ecb-9b3a-b0bedac77fa9","dockerRegistry":"ARTIFACT_REGISTRY","automaticUpdatePolicy":{},"buildServiceAccount":"projects/shift-12948/serviceAccounts/85350339181-compute@developer.gserviceaccount.com","satisfiesPzi":true},{"name":"projects/shift-12948/locations/us-central1/functions/getTrendingEvents","httpsTrigger":{"url":"https://us-central1-shift-12948.cloudfunctions.net/getTrendingEvents","securityLevel":"SECURE_ALWAYS"},"status":"ACTIVE","entryPoint":"getTrendingEvents","timeout":"60s","availableMemoryMb":256,"serviceAccountEmail":"shift-12948@appspot.gserviceaccount.com","updateTime":"2025-07-02T02:37:27.998Z","versionId":"3","labels":{"firebase-functions-hash":"3bf54fe45ac208be3bcfadd4d67546392265187c","deployment-tool":"cli-firebase"},"sourceUploadUrl":"https://storage.googleapis.com/uploads-1076870661512.us-central1.cloudfunctions.appspot.com/21caaaed-2077-49c7-942f-b06d1c831581.zip","environmentVariables":{"FIREBASE_CONFIG":"{\"projectId\":\"shift-12948\",\"storageBucket\":\"shift-12948.firebasestorage.app\"}","GCLOUD_PROJECT":"shift-12948","EVENTARC_CLOUD_EVENT_SOURCE":"projects/shift-12948/locations/us-central1/functions/getTrendingEvents"},"runtime":"nodejs20","ingressSettings":"ALLOW_ALL","buildId":"d9027729-0469-4ecb-9b3a-b0bedac77fa9","buildEnvironmentVariables":{"GOOGLE_NODE_RUN_SCRIPTS":""},"buildName":"projects/85350339181/locations/us-central1/builds/d9027729-0469-4ecb-9b3a-b0bedac77fa9","dockerRegistry":"ARTIFACT_REGISTRY","automaticUpdatePolicy":{},"buildServiceAccount":"projects/shift-12948/serviceAccounts/85350339181-compute@developer.gserviceaccount.com","satisfiesPzi":true},{"name":"projects/shift-12948/locations/us-central1/functions/mapProfileImages","httpsTrigger":{"url":"https://us-central1-shift-12948.cloudfunctions.net/mapProfileImages","securityLevel":"SECURE_ALWAYS"},"status":"ACTIVE","entryPoint":"mapProfileImages","timeout":"60s","availableMemoryMb":256,"serviceAccountEmail":"shift-12948@appspot.gserviceaccount.com","updateTime":"2025-07-02T02:37:25.736Z","versionId":"5","labels":{"deployment-tool":"cli-firebase","firebase-functions-hash":"3bf54fe45ac208be3bcfadd4d67546392265187c"},"sourceUploadUrl":"https://storage.googleapis.com/uploads-1076870661512.us-central1.cloudfunctions.appspot.com/21caaaed-2077-49c7-942f-b06d1c831581.zip","environmentVariables":{"FIREBASE_CONFIG":"{\"projectId\":\"shift-12948\",\"storageBucket\":\"shift-12948.firebasestorage.app\"}","GCLOUD_PROJECT":"shift-12948","EVENTARC_CLOUD_EVENT_SOURCE":"projects/shift-12948/locations/us-central1/functions/mapProfileImages"},"runtime":"nodejs20","ingressSettings":"ALLOW_ALL","buildId":"d9027729-0469-4ecb-9b3a-b0bedac77fa9","buildEnvironmentVariables":{"GOOGLE_NODE_RUN_SCRIPTS":""},"buildName":"projects/85350339181/locations/us-central1/builds/d9027729-0469-4ecb-9b3a-b0bedac77fa9","dockerRegistry":"ARTIFACT_REGISTRY","automaticUpdatePolicy":{},"buildServiceAccount":"projects/shift-12948/serviceAccounts/85350339181-compute@developer.gserviceaccount.com","satisfiesPzi":true},{"name":"projects/shift-12948/locations/us-central1/functions/onUserCreated","eventTrigger":{"eventType":"providers/cloud.firestore/eventTypes/document.create","resource":"projects/shift-12948/databases/(default)/documents/users/{userId}","service":"firestore.googleapis.com","failurePolicy":{}},"status":"ACTIVE","entryPoint":"onUserCreated","timeout":"60s","availableMemoryMb":256,"serviceAccountEmail":"shift-12948@appspot.gserviceaccount.com","updateTime":"2025-07-02T02:37:15.811Z","versionId":"6","labels":{"firebase-functions-hash":"3bf54fe45ac208be3bcfadd4d67546392265187c","deployment-tool":"cli-firebase"},"sourceUploadUrl":"https://storage.googleapis.com/uploads-1076870661512.us-central1.cloudfunctions.appspot.com/21caaaed-2077-49c7-942f-b06d1c831581.zip","environmentVariables":{"FIREBASE_CONFIG":"{\"projectId\":\"shift-12948\",\"storageBucket\":\"shift-12948.firebasestorage.app\"}","GCLOUD_PROJECT":"shift-12948","EVENTARC_CLOUD_EVENT_SOURCE":"projects/shift-12948/locations/us-central1/functions/onUserCreated"},"runtime":"nodejs20","maxInstances":3000,"ingressSettings":"ALLOW_ALL","buildId":"d9027729-0469-4ecb-9b3a-b0bedac77fa9","buildEnvironmentVariables":{"GOOGLE_NODE_RUN_SCRIPTS":""},"buildName":"projects/85350339181/locations/us-central1/builds/d9027729-0469-4ecb-9b3a-b0bedac77fa9","dockerRegistry":"ARTIFACT_REGISTRY","automaticUpdatePolicy":{},"buildServiceAccount":"projects/shift-12948/serviceAccounts/85350339181-compute@developer.gserviceaccount.com","satisfiesPzi":true},{"name":"projects/shift-12948/locations/us-central1/functions/fixUserImage","httpsTrigger":{"url":"https://us-central1-shift-12948.cloudfunctions.net/fixUserImage","securityLevel":"SECURE_ALWAYS"},"status":"ACTIVE","entryPoint":"fixUserImage","timeout":"60s","availableMemoryMb":256,"serviceAccountEmail":"shift-12948@appspot.gserviceaccount.com","updateTime":"2025-07-02T02:37:18Z","versionId":"4","labels":{"deployment-tool":"cli-firebase","firebase-functions-hash":"3bf54fe45ac208be3bcfadd4d67546392265187c"},"sourceUploadUrl":"https://storage.googleapis.com/uploads-1076870661512.us-central1.cloudfunctions.appspot.com/21caaaed-2077-49c7-942f-b06d1c831581.zip","environmentVariables":{"FIREBASE_CONFIG":"{\"projectId\":\"shift-12948\",\"storageBucket\":\"shift-12948.firebasestorage.app\"}","GCLOUD_PROJECT":"shift-12948","EVENTARC_CLOUD_EVENT_SOURCE":"projects/shift-12948/locations/us-central1/functions/fixUserImage"},"runtime":"nodejs20","ingressSettings":"ALLOW_ALL","buildId":"d9027729-0469-4ecb-9b3a-b0bedac77fa9","buildEnvironmentVariables":{"GOOGLE_NODE_RUN_SCRIPTS":""},"buildName":"projects/85350339181/locations/us-central1/builds/d9027729-0469-4ecb-9b3a-b0bedac77fa9","dockerRegistry":"ARTIFACT_REGISTRY","automaticUpdatePolicy":{},"buildServiceAccount":"projects/shift-12948/serviceAccounts/85350339181-compute@developer.gserviceaccount.com","satisfiesPzi":true},{"name":"projects/shift-12948/locations/us-central1/functions/migrateCheckInData","httpsTrigger":{"url":"https://us-central1-shift-12948.cloudfunctions.net/migrateCheckInData","securityLevel":"SECURE_ALWAYS"},"status":"ACTIVE","entryPoint":"migrateCheckInData","timeout":"60s","availableMemoryMb":256,"serviceAccountEmail":"shift-12948@appspot.gserviceaccount.com","updateTime":"2025-07-02T02:37:10.881699843Z","versionId":"1","labels":{"firebase-functions-hash":"3bf54fe45ac208be3bcfadd4d67546392265187c","deployment-tool":"cli-firebase"},"sourceUploadUrl":"https://storage.googleapis.com/uploads-1076870661512.us-central1.cloudfunctions.appspot.com/21caaaed-2077-49c7-942f-b06d1c831581.zip","environmentVariables":{"FIREBASE_CONFIG":"{\"projectId\":\"shift-12948\",\"storageBucket\":\"shift-12948.firebasestorage.app\"}","GCLOUD_PROJECT":"shift-12948","EVENTARC_CLOUD_EVENT_SOURCE":"projects/shift-12948/locations/us-central1/functions/migrateCheckInData"},"runtime":"nodejs20","ingressSettings":"ALLOW_ALL","buildId":"d9027729-0469-4ecb-9b3a-b0bedac77fa9","buildEnvironmentVariables":{"GOOGLE_NODE_RUN_SCRIPTS":""},"buildName":"projects/85350339181/locations/us-central1/builds/d9027729-0469-4ecb-9b3a-b0bedac77fa9","dockerRegistry":"ARTIFACT_REGISTRY","automaticUpdatePolicy":{},"buildServiceAccount":"projects/shift-12948/serviceAccounts/85350339181-compute@developer.gserviceaccount.com","satisfiesPzi":true},{"name":"projects/shift-12948/locations/us-central1/functions/inspectDetailedData","httpsTrigger":{"url":"https://us-central1-shift-12948.cloudfunctions.net/inspectDetailedData","securityLevel":"SECURE_ALWAYS"},"status":"ACTIVE","entryPoint":"inspectDetailedData","timeout":"60s","availableMemoryMb":256,"serviceAccountEmail":"shift-12948@appspot.gserviceaccount.com","updateTime":"2025-07-02T02:46:09.282755540Z","versionId":"1","labels":{"firebase-functions-hash":"3b0428e1a79e8f449a3c454eea94f8d7f8fd1143","deployment-tool":"cli-firebase"},"sourceUploadUrl":"https://storage.googleapis.com/uploads-1076870661512.us-central1.cloudfunctions.appspot.com/b298390b-2c87-45dc-95d7-b510bca73602.zip","environmentVariables":{"FIREBASE_CONFIG":"{\"projectId\":\"shift-12948\",\"storageBucket\":\"shift-12948.firebasestorage.app\"}","GCLOUD_PROJECT":"shift-12948","EVENTARC_CLOUD_EVENT_SOURCE":"projects/shift-12948/locations/us-central1/functions/inspectDetailedData"},"runtime":"nodejs20","ingressSettings":"ALLOW_ALL","buildId":"77dd56f8-0a1d-4dad-8037-c9e3af8845f9","buildEnvironmentVariables":{"GOOGLE_NODE_RUN_SCRIPTS":""},"buildName":"projects/85350339181/locations/us-central1/builds/77dd56f8-0a1d-4dad-8037-c9e3af8845f9","dockerRegistry":"ARTIFACT_REGISTRY","automaticUpdatePolicy":{},"buildServiceAccount":"projects/shift-12948/serviceAccounts/85350339181-compute@developer.gserviceaccount.com","satisfiesPzi":true},{"name":"projects/shift-12948/locations/us-central1/functions/updatePopularityOnCheckOut","eventTrigger":{"eventType":"providers/cloud.firestore/eventTypes/document.update","resource":"projects/shift-12948/databases/(default)/documents/checkIns/{checkInId}","service":"firestore.googleapis.com","failurePolicy":{}},"status":"ACTIVE","entryPoint":"updatePopularityOnCheckOut","timeout":"60s","availableMemoryMb":256,"serviceAccountEmail":"shift-12948@appspot.gserviceaccount.com","updateTime":"2025-07-02T02:37:27.001Z","versionId":"2","labels":{"deployment-tool":"cli-firebase","firebase-functions-hash":"3bf54fe45ac208be3bcfadd4d67546392265187c"},"sourceUploadUrl":"https://storage.googleapis.com/uploads-1076870661512.us-central1.cloudfunctions.appspot.com/21caaaed-2077-49c7-942f-b06d1c831581.zip","environmentVariables":{"FIREBASE_CONFIG":"{\"projectId\":\"shift-12948\",\"storageBucket\":\"shift-12948.firebasestorage.app\"}","GCLOUD_PROJECT":"shift-12948","EVENTARC_CLOUD_EVENT_SOURCE":"projects/shift-12948/locations/us-central1/functions/updatePopularityOnCheckOut"},"runtime":"nodejs20","maxInstances":3000,"ingressSettings":"ALLOW_ALL","buildId":"d9027729-0469-4ecb-9b3a-b0bedac77fa9","buildEnvironmentVariables":{"GOOGLE_NODE_RUN_SCRIPTS":""},"buildName":"projects/85350339181/locations/us-central1/builds/d9027729-0469-4ecb-9b3a-b0bedac77fa9","dockerRegistry":"ARTIFACT_REGISTRY","automaticUpdatePolicy":{},"buildServiceAccount":"projects/shift-12948/serviceAccounts/85350339181-compute@developer.gserviceaccount.com","satisfiesPzi":true},{"name":"projects/shift-12948/locations/us-central1/functions/getNearbyEvents","httpsTrigger":{"url":"https://us-central1-shift-12948.cloudfunctions.net/getNearbyEvents","securityLevel":"SECURE_ALWAYS"},"status":"ACTIVE","entryPoint":"getNearbyEvents","timeout":"60s","availableMemoryMb":256,"serviceAccountEmail":"shift-12948@appspot.gserviceaccount.com","updateTime":"2025-07-02T02:37:18.082Z","versionId":"3","labels":{"deployment-tool":"cli-firebase","firebase-functions-hash":"3bf54fe45ac208be3bcfadd4d67546392265187c"},"sourceUploadUrl":"https://storage.googleapis.com/uploads-1076870661512.us-central1.cloudfunctions.appspot.com/21caaaed-2077-49c7-942f-b06d1c831581.zip","environmentVariables":{"FIREBASE_CONFIG":"{\"projectId\":\"shift-12948\",\"storageBucket\":\"shift-12948.firebasestorage.app\"}","GCLOUD_PROJECT":"shift-12948","EVENTARC_CLOUD_EVENT_SOURCE":"projects/shift-12948/locations/us-central1/functions/getNearbyEvents"},"runtime":"nodejs20","ingressSettings":"ALLOW_ALL","buildId":"d9027729-0469-4ecb-9b3a-b0bedac77fa9","buildEnvironmentVariables":{"GOOGLE_NODE_RUN_SCRIPTS":""},"buildName":"projects/85350339181/locations/us-central1/builds/d9027729-0469-4ecb-9b3a-b0bedac77fa9","dockerRegistry":"ARTIFACT_REGISTRY","automaticUpdatePolicy":{},"buildServiceAccount":"projects/shift-12948/serviceAccounts/85350339181-compute@developer.gserviceaccount.com","satisfiesPzi":true}]}
[debug] [2025-07-02T05:57:48.370Z] Checked if tokens are valid: true, expires at: 1751438840580
[debug] [2025-07-02T05:57:48.370Z] Checked if tokens are valid: true, expires at: 1751438840580
[debug] [2025-07-02T05:57:48.370Z] >>> [apiv2][query] GET https://cloudfunctions.googleapis.com/v2/projects/shift-12948/locations/-/functions filter=environment%3D%22GEN_2%22
[debug] [2025-07-02T05:57:48.707Z] <<< [apiv2][status] GET https://cloudfunctions.googleapis.com/v2/projects/shift-12948/locations/-/functions 200
[debug] [2025-07-02T05:57:48.707Z] <<< [apiv2][body] GET https://cloudfunctions.googleapis.com/v2/projects/shift-12948/locations/-/functions {}
[info] i  functions: ensuring required API cloudscheduler.googleapis.com is enabled... 
[debug] [2025-07-02T05:57:48.709Z] Checked if tokens are valid: true, expires at: 1751438840580
[debug] [2025-07-02T05:57:48.709Z] Checked if tokens are valid: true, expires at: 1751438840580
[debug] [2025-07-02T05:57:48.709Z] >>> [apiv2][query] GET https://serviceusage.googleapis.com/v1/projects/85350339181/services/cloudscheduler.googleapis.com [none]
[debug] [2025-07-02T05:57:48.709Z] >>> [apiv2][(partial)header] GET https://serviceusage.googleapis.com/v1/projects/85350339181/services/cloudscheduler.googleapis.com x-goog-quota-user=projects/85350339181
[debug] [2025-07-02T05:57:48.814Z] <<< [apiv2][status] GET https://serviceusage.googleapis.com/v1/projects/85350339181/services/cloudscheduler.googleapis.com 200
[debug] [2025-07-02T05:57:48.814Z] <<< [apiv2][body] GET https://serviceusage.googleapis.com/v1/projects/85350339181/services/cloudscheduler.googleapis.com [omitted]
[info] ✔  functions: required API cloudscheduler.googleapis.com is enabled 
[debug] [2025-07-02T05:57:48.815Z] Checked if tokens are valid: true, expires at: 1751438840580
[debug] [2025-07-02T05:57:48.815Z] Checked if tokens are valid: true, expires at: 1751438840580
[debug] [2025-07-02T05:57:48.815Z] >>> [apiv2][query] GET https://serviceusage.googleapis.com/v1/projects/shift-12948/services/cloudresourcemanager.googleapis.com [none]
[debug] [2025-07-02T05:57:48.815Z] >>> [apiv2][(partial)header] GET https://serviceusage.googleapis.com/v1/projects/shift-12948/services/cloudresourcemanager.googleapis.com x-goog-quota-user=projects/shift-12948
[debug] [2025-07-02T05:57:48.946Z] <<< [apiv2][status] GET https://serviceusage.googleapis.com/v1/projects/shift-12948/services/cloudresourcemanager.googleapis.com 200
[debug] [2025-07-02T05:57:48.946Z] <<< [apiv2][body] GET https://serviceusage.googleapis.com/v1/projects/shift-12948/services/cloudresourcemanager.googleapis.com [omitted]
[debug] [2025-07-02T05:57:48.946Z] Checked if tokens are valid: true, expires at: 1751438840580
[debug] [2025-07-02T05:57:48.946Z] Checked if tokens are valid: true, expires at: 1751438840580
[debug] [2025-07-02T05:57:48.946Z] >>> [apiv2][query] GET https://cloudresourcemanager.googleapis.com/v1/projects/shift-12948 [none]
[debug] [2025-07-02T05:57:49.011Z] <<< [apiv2][status] GET https://cloudresourcemanager.googleapis.com/v1/projects/shift-12948 200
[debug] [2025-07-02T05:57:49.011Z] <<< [apiv2][body] GET https://cloudresourcemanager.googleapis.com/v1/projects/shift-12948 {"projectNumber":"85350339181","projectId":"shift-12948","lifecycleState":"ACTIVE","name":"Shift","labels":{"firebase":"enabled","firebase-core":"disabled"},"createTime":"2025-06-21T21:29:42.475022Z"}
[debug] [2025-07-02T05:57:49.012Z] Checked if tokens are valid: true, expires at: 1751438840580
[debug] [2025-07-02T05:57:49.012Z] Checked if tokens are valid: true, expires at: 1751438840580
[debug] [2025-07-02T05:57:49.012Z] >>> [apiv2][query] GET https://cloudbilling.googleapis.com/v1/projects/shift-12948/billingInfo [none]
[debug] [2025-07-02T05:57:49.199Z] <<< [apiv2][status] GET https://cloudbilling.googleapis.com/v1/projects/shift-12948/billingInfo 200
[debug] [2025-07-02T05:57:49.199Z] <<< [apiv2][body] GET https://cloudbilling.googleapis.com/v1/projects/shift-12948/billingInfo {"name":"projects/shift-12948/billingInfo","projectId":"shift-12948","billingAccountName":"billingAccounts/01E406-EE47AE-3EE53E","billingEnabled":true}
[debug] [2025-07-02T05:57:49.200Z] Checked if tokens are valid: true, expires at: 1751438840580
[debug] [2025-07-02T05:57:49.200Z] Checked if tokens are valid: true, expires at: 1751438840580
[debug] [2025-07-02T05:57:49.200Z] >>> [apiv2][query] POST https://cloudfunctions.googleapis.com/v1/projects/shift-12948/locations/us-central1/functions:generateUploadUrl [none]
[debug] [2025-07-02T05:57:49.200Z] >>> [apiv2][body] POST https://cloudfunctions.googleapis.com/v1/projects/shift-12948/locations/us-central1/functions:generateUploadUrl {}
[debug] [2025-07-02T05:57:49.785Z] <<< [apiv2][status] POST https://cloudfunctions.googleapis.com/v1/projects/shift-12948/locations/us-central1/functions:generateUploadUrl 200
[debug] [2025-07-02T05:57:49.785Z] <<< [apiv2][body] POST https://cloudfunctions.googleapis.com/v1/projects/shift-12948/locations/us-central1/functions:generateUploadUrl {"uploadUrl":"https://storage.googleapis.com/uploads-1076870661512.us-central1.cloudfunctions.appspot.com/977dbcda-be2a-4ea1-a535-2e8493bcd4e8.zip?GoogleAccessId=service-85350339181@gcf-admin-robot.iam.gserviceaccount.com&Expires=1751437669&Signature=Z323xLAdjmzd6iXl24lQOz%2F5%2FK%2BiccUi2pOivPR0ymBmXHIej8DCDiixx%2F5vTAeHmewd3%2BDCgBJKrpLD3WEwtdk7kmC6ki5uqYx9PDYdAriTqjlrOc1gjKJpkZSXI%2FG6iLkSw4h7Cp%2F1lyvOlmcKt22mVan0H2DY6cahbRHtOszceieaLugqbHujdvRUPjS%2FvdH5biQEfoEpjs3EyUKQ05mEGBUONhoyhci4x%2Fmn5ywB%2FdH9Hb0tDWlJWUQ2HE9lixRh1xc8MRfK%2BZ74BkiuOOo2K03Tru6DhvGYrzHlLgn3H78vV2rYllbzyJF42FYCHtTp7KnnvkO8ITCXve1U8A%3D%3D"}
[debug] [2025-07-02T05:57:49.785Z] >>> [apiv2][query] PUT https://storage.googleapis.com/uploads-1076870661512.us-central1.cloudfunctions.appspot.com/977dbcda-be2a-4ea1-a535-2e8493bcd4e8.zip GoogleAccessId=service-85350339181%40gcf-admin-robot.iam.gserviceaccount.com&Expires=1751437669&Signature=Z323xLAdjmzd6iXl24lQOz%2F5%2FK%2BiccUi2pOivPR0ymBmXHIej8DCDiixx%2F5vTAeHmewd3%2BDCgBJKrpLD3WEwtdk7kmC6ki5uqYx9PDYdAriTqjlrOc1gjKJpkZSXI%2FG6iLkSw4h7Cp%2F1lyvOlmcKt22mVan0H2DY6cahbRHtOszceieaLugqbHujdvRUPjS%2FvdH5biQEfoEpjs3EyUKQ05mEGBUONhoyhci4x%2Fmn5ywB%2FdH9Hb0tDWlJWUQ2HE9lixRh1xc8MRfK%2BZ74BkiuOOo2K03Tru6DhvGYrzHlLgn3H78vV2rYllbzyJF42FYCHtTp7KnnvkO8ITCXve1U8A%3D%3D
[debug] [2025-07-02T05:57:49.785Z] >>> [apiv2][body] PUT https://storage.googleapis.com/uploads-1076870661512.us-central1.cloudfunctions.appspot.com/977dbcda-be2a-4ea1-a535-2e8493bcd4e8.zip [stream]
[debug] [2025-07-02T05:57:49.951Z] <<< [apiv2][status] PUT https://storage.googleapis.com/uploads-1076870661512.us-central1.cloudfunctions.appspot.com/977dbcda-be2a-4ea1-a535-2e8493bcd4e8.zip 200
[debug] [2025-07-02T05:57:49.951Z] <<< [apiv2][body] PUT https://storage.googleapis.com/uploads-1076870661512.us-central1.cloudfunctions.appspot.com/977dbcda-be2a-4ea1-a535-2e8493bcd4e8.zip [omitted]
[info] ✔  functions: functions folder uploaded successfully 
[info] i  functions: creating Node.js 20 (1st Gen) function getCompatibleMembers(us-central1)... 
[info] i  functions: updating Node.js 20 (1st Gen) function mapProfileImages(us-central1)... 
[info] i  functions: updating Node.js 20 (1st Gen) function onUserCreated(us-central1)... 
[info] i  functions: updating Node.js 20 (1st Gen) function onImageUpload(us-central1)... 
[info] i  functions: updating Node.js 20 (1st Gen) function debugUserImage(us-central1)... 
[info] i  functions: updating Node.js 20 (1st Gen) function completeMigration(us-central1)... 
[info] i  functions: updating Node.js 20 (1st Gen) function fixUserImage(us-central1)... 
[info] i  functions: updating Node.js 20 (1st Gen) function updatePopularityScores(us-central1)... 
[info] i  functions: updating Node.js 20 (1st Gen) function getTrendingEvents(us-central1)... 
[info] i  functions: updating Node.js 20 (1st Gen) function updatePopularityOnCheckIn(us-central1)... 
[info] i  functions: updating Node.js 20 (1st Gen) function updatePopularityOnCheckOut(us-central1)... 
[info] i  functions: updating Node.js 20 (1st Gen) function getNearbyEvents(us-central1)... 
[info] i  functions: updating Node.js 20 (1st Gen) function getUserCheckInAnalytics(us-central1)... 
[info] i  functions: updating Node.js 20 (1st Gen) function migrateCheckInData(us-central1)... 
[info] i  functions: updating Node.js 20 (1st Gen) function getCheckInDataStatus(us-central1)... 
[info] i  functions: updating Node.js 20 (1st Gen) function inspectDetailedData(us-central1)... 
[debug] [2025-07-02T05:57:49.958Z] Checked if tokens are valid: true, expires at: 1751438840580
[debug] [2025-07-02T05:57:49.958Z] Checked if tokens are valid: true, expires at: 1751438840580
[debug] [2025-07-02T05:57:49.958Z] >>> [apiv2][query] POST https://cloudfunctions.googleapis.com/v1/projects/shift-12948/locations/us-central1/functions [none]
[debug] [2025-07-02T05:57:49.958Z] >>> [apiv2][body] POST https://cloudfunctions.googleapis.com/v1/projects/shift-12948/locations/us-central1/functions {"name":"projects/shift-12948/locations/us-central1/functions/getCompatibleMembers","sourceUploadUrl":"https://storage.googleapis.com/uploads-1076870661512.us-central1.cloudfunctions.appspot.com/977dbcda-be2a-4ea1-a535-2e8493bcd4e8.zip?GoogleAccessId=service-85350339181@gcf-admin-robot.iam.gserviceaccount.com&Expires=1751437669&Signature=Z323xLAdjmzd6iXl24lQOz%2F5%2FK%2BiccUi2pOivPR0ymBmXHIej8DCDiixx%2F5vTAeHmewd3%2BDCgBJKrpLD3WEwtdk7kmC6ki5uqYx9PDYdAriTqjlrOc1gjKJpkZSXI%2FG6iLkSw4h7Cp%2F1lyvOlmcKt22mVan0H2DY6cahbRHtOszceieaLugqbHujdvRUPjS%2FvdH5biQEfoEpjs3EyUKQ05mEGBUONhoyhci4x%2Fmn5ywB%2FdH9Hb0tDWlJWUQ2HE9lixRh1xc8MRfK%2BZ74BkiuOOo2K03Tru6DhvGYrzHlLgn3H78vV2rYllbzyJF42FYCHtTp7KnnvkO8ITCXve1U8A%3D%3D","entryPoint":"getCompatibleMembers","runtime":"nodejs20","dockerRegistry":"ARTIFACT_REGISTRY","labels":{"deployment-tool":"cli-firebase","deployment-callable":"true","firebase-functions-hash":"d7a17dedd23997e2872765b6c97c63c764fda75c"},"httpsTrigger":{"securityLevel":"SECURE_ALWAYS"},"minInstances":null,"maxInstances":null,"ingressSettings":null,"environmentVariables":{"FIREBASE_CONFIG":"{\"projectId\":\"shift-12948\",\"storageBucket\":\"shift-12948.firebasestorage.app\"}","GCLOUD_PROJECT":"shift-12948","EVENTARC_CLOUD_EVENT_SOURCE":"projects/shift-12948/locations/us-central1/functions/getCompatibleMembers"},"serviceAccountEmail":null,"availableMemoryMb":null,"timeout":null,"vpcConnector":null,"vpcConnectorEgressSettings":null,"buildEnvironmentVariables":{"GOOGLE_NODE_RUN_SCRIPTS":""}}
[debug] [2025-07-02T05:57:50.520Z] <<< [apiv2][status] POST https://cloudfunctions.googleapis.com/v1/projects/shift-12948/locations/us-central1/functions 200
[debug] [2025-07-02T05:57:50.520Z] <<< [apiv2][body] POST https://cloudfunctions.googleapis.com/v1/projects/shift-12948/locations/us-central1/functions {"name":"operations/cHJvamVjdHMvc2hpZnQtMTI5NDgvbG9jYXRpb25zL3VzLWNlbnRyYWwxL29wZXJhdGlvbnMvb3BlcmF0aW9uLTE3NTE0MzU4NzAxNDMtNjM4ZWJmMGUzMDVkZS03NzA3MzY2My0yZmZiNGRkYQ","metadata":{"@type":"type.googleapis.com/google.cloud.functions.v1.OperationMetadataV1","target":"projects/shift-12948/locations/us-central1/functions/getCompatibleMembers","updateTime":"2025-07-02T05:57:50.543776747Z"}}
[debug] [2025-07-02T05:57:50.521Z] Checked if tokens are valid: true, expires at: 1751438840580
[debug] [2025-07-02T05:57:50.521Z] Checked if tokens are valid: true, expires at: 1751438840580
[debug] [2025-07-02T05:57:50.521Z] >>> [apiv2][query] GET https://cloudfunctions.googleapis.com/v1/operations/cHJvamVjdHMvc2hpZnQtMTI5NDgvbG9jYXRpb25zL3VzLWNlbnRyYWwxL29wZXJhdGlvbnMvb3BlcmF0aW9uLTE3NTE0MzU4NzAxNDMtNjM4ZWJmMGUzMDVkZS03NzA3MzY2My0yZmZiNGRkYQ [none]
[debug] [2025-07-02T05:57:50.665Z] <<< [apiv2][status] GET https://cloudfunctions.googleapis.com/v1/operations/cHJvamVjdHMvc2hpZnQtMTI5NDgvbG9jYXRpb25zL3VzLWNlbnRyYWwxL29wZXJhdGlvbnMvb3BlcmF0aW9uLTE3NTE0MzU4NzAxNDMtNjM4ZWJmMGUzMDVkZS03NzA3MzY2My0yZmZiNGRkYQ 200
[debug] [2025-07-02T05:57:50.666Z] <<< [apiv2][body] GET https://cloudfunctions.googleapis.com/v1/operations/cHJvamVjdHMvc2hpZnQtMTI5NDgvbG9jYXRpb25zL3VzLWNlbnRyYWwxL29wZXJhdGlvbnMvb3BlcmF0aW9uLTE3NTE0MzU4NzAxNDMtNjM4ZWJmMGUzMDVkZS03NzA3MzY2My0yZmZiNGRkYQ {"name":"operations/cHJvamVjdHMvc2hpZnQtMTI5NDgvbG9jYXRpb25zL3VzLWNlbnRyYWwxL29wZXJhdGlvbnMvb3BlcmF0aW9uLTE3NTE0MzU4NzAxNDMtNjM4ZWJmMGUzMDVkZS03NzA3MzY2My0yZmZiNGRkYQ","metadata":{"@type":"type.googleapis.com/google.cloud.functions.v1.OperationMetadataV1","target":"projects/shift-12948/locations/us-central1/functions/getCompatibleMembers","updateTime":"2025-07-02T05:57:50.543776747Z"}}
[debug] [2025-07-02T05:57:51.167Z] [create-default-us-central1-getCompatibleMembers] Retrying task index 0
[debug] [2025-07-02T05:57:51.168Z] Checked if tokens are valid: true, expires at: 1751438840580
[debug] [2025-07-02T05:57:51.168Z] Checked if tokens are valid: true, expires at: 1751438840580
[debug] [2025-07-02T05:57:51.168Z] >>> [apiv2][query] GET https://cloudfunctions.googleapis.com/v1/operations/cHJvamVjdHMvc2hpZnQtMTI5NDgvbG9jYXRpb25zL3VzLWNlbnRyYWwxL29wZXJhdGlvbnMvb3BlcmF0aW9uLTE3NTE0MzU4NzAxNDMtNjM4ZWJmMGUzMDVkZS03NzA3MzY2My0yZmZiNGRkYQ [none]
[debug] [2025-07-02T05:57:51.310Z] <<< [apiv2][status] GET https://cloudfunctions.googleapis.com/v1/operations/cHJvamVjdHMvc2hpZnQtMTI5NDgvbG9jYXRpb25zL3VzLWNlbnRyYWwxL29wZXJhdGlvbnMvb3BlcmF0aW9uLTE3NTE0MzU4NzAxNDMtNjM4ZWJmMGUzMDVkZS03NzA3MzY2My0yZmZiNGRkYQ 200
[debug] [2025-07-02T05:57:51.310Z] <<< [apiv2][body] GET https://cloudfunctions.googleapis.com/v1/operations/cHJvamVjdHMvc2hpZnQtMTI5NDgvbG9jYXRpb25zL3VzLWNlbnRyYWwxL29wZXJhdGlvbnMvb3BlcmF0aW9uLTE3NTE0MzU4NzAxNDMtNjM4ZWJmMGUzMDVkZS03NzA3MzY2My0yZmZiNGRkYQ {"name":"operations/cHJvamVjdHMvc2hpZnQtMTI5NDgvbG9jYXRpb25zL3VzLWNlbnRyYWwxL29wZXJhdGlvbnMvb3BlcmF0aW9uLTE3NTE0MzU4NzAxNDMtNjM4ZWJmMGUzMDVkZS03NzA3MzY2My0yZmZiNGRkYQ","metadata":{"@type":"type.googleapis.com/google.cloud.functions.v1.OperationMetadataV1","target":"projects/shift-12948/locations/us-central1/functions/getCompatibleMembers","type":"CREATE_FUNCTION","request":{"@type":"type.googleapis.com/google.cloud.functions.v1.CloudFunction","name":"projects/shift-12948/locations/us-central1/functions/getCompatibleMembers","httpsTrigger":{"securityLevel":"SECURE_ALWAYS"},"entryPoint":"getCompatibleMembers","updateTime":"1970-01-01T00:00:00Z","labels":{"deployment-tool":"cli-firebase","deployment-callable":"true","firebase-functions-hash":"d7a17dedd23997e2872765b6c97c63c764fda75c"},"sourceUploadUrl":"https://storage.googleapis.com/uploads-1076870661512.us-central1.cloudfunctions.appspot.com/977dbcda-be2a-4ea1-a535-2e8493bcd4e8.zip?GoogleAccessId=service-85350339181@gcf-admin-robot.iam.gserviceaccount.com&Expires=1751437669&Signature=Z323xLAdjmzd6iXl24lQOz%2F5%2FK%2BiccUi2pOivPR0ymBmXHIej8DCDiixx%2F5vTAeHmewd3%2BDCgBJKrpLD3WEwtdk7kmC6ki5uqYx9PDYdAriTqjlrOc1gjKJpkZSXI%2FG6iLkSw4h7Cp%2F1lyvOlmcKt22mVan0H2DY6cahbRHtOszceieaLugqbHujdvRUPjS%2FvdH5biQEfoEpjs3EyUKQ05mEGBUONhoyhci4x%2Fmn5ywB%2FdH9Hb0tDWlJWUQ2HE9lixRh1xc8MRfK%2BZ74BkiuOOo2K03Tru6DhvGYrzHlLgn3H78vV2rYllbzyJF42FYCHtTp7KnnvkO8ITCXve1U8A%3D%3D","environmentVariables":{"FIREBASE_CONFIG":"{\"projectId\":\"shift-12948\",\"storageBucket\":\"shift-12948.firebasestorage.app\"}","GCLOUD_PROJECT":"shift-12948","EVENTARC_CLOUD_EVENT_SOURCE":"projects/shift-12948/locations/us-central1/functions/getCompatibleMembers"},"runtime":"nodejs20","buildEnvironmentVariables":{"GOOGLE_NODE_RUN_SCRIPTS":""},"dockerRegistry":"ARTIFACT_REGISTRY"},"versionId":"1","updateTime":"2025-07-02T05:57:50.543776747Z"}}
[debug] [2025-07-02T05:57:52.311Z] [create-default-us-central1-getCompatibleMembers] Retrying task index 0
[debug] [2025-07-02T05:57:52.312Z] Checked if tokens are valid: true, expires at: 1751438840580
[debug] [2025-07-02T05:57:52.312Z] Checked if tokens are valid: true, expires at: 1751438840580
[debug] [2025-07-02T05:57:52.312Z] >>> [apiv2][query] GET https://cloudfunctions.googleapis.com/v1/operations/cHJvamVjdHMvc2hpZnQtMTI5NDgvbG9jYXRpb25zL3VzLWNlbnRyYWwxL29wZXJhdGlvbnMvb3BlcmF0aW9uLTE3NTE0MzU4NzAxNDMtNjM4ZWJmMGUzMDVkZS03NzA3MzY2My0yZmZiNGRkYQ [none]
[debug] [2025-07-02T05:57:52.463Z] <<< [apiv2][status] GET https://cloudfunctions.googleapis.com/v1/operations/cHJvamVjdHMvc2hpZnQtMTI5NDgvbG9jYXRpb25zL3VzLWNlbnRyYWwxL29wZXJhdGlvbnMvb3BlcmF0aW9uLTE3NTE0MzU4NzAxNDMtNjM4ZWJmMGUzMDVkZS03NzA3MzY2My0yZmZiNGRkYQ 200
[debug] [2025-07-02T05:57:52.463Z] <<< [apiv2][body] GET https://cloudfunctions.googleapis.com/v1/operations/cHJvamVjdHMvc2hpZnQtMTI5NDgvbG9jYXRpb25zL3VzLWNlbnRyYWwxL29wZXJhdGlvbnMvb3BlcmF0aW9uLTE3NTE0MzU4NzAxNDMtNjM4ZWJmMGUzMDVkZS03NzA3MzY2My0yZmZiNGRkYQ {"name":"operations/cHJvamVjdHMvc2hpZnQtMTI5NDgvbG9jYXRpb25zL3VzLWNlbnRyYWwxL29wZXJhdGlvbnMvb3BlcmF0aW9uLTE3NTE0MzU4NzAxNDMtNjM4ZWJmMGUzMDVkZS03NzA3MzY2My0yZmZiNGRkYQ","metadata":{"@type":"type.googleapis.com/google.cloud.functions.v1.OperationMetadataV1","target":"projects/shift-12948/locations/us-central1/functions/getCompatibleMembers","type":"CREATE_FUNCTION","request":{"@type":"type.googleapis.com/google.cloud.functions.v1.CloudFunction","name":"projects/shift-12948/locations/us-central1/functions/getCompatibleMembers","httpsTrigger":{"securityLevel":"SECURE_ALWAYS"},"entryPoint":"getCompatibleMembers","updateTime":"1970-01-01T00:00:00Z","labels":{"deployment-tool":"cli-firebase","deployment-callable":"true","firebase-functions-hash":"d7a17dedd23997e2872765b6c97c63c764fda75c"},"sourceUploadUrl":"https://storage.googleapis.com/uploads-1076870661512.us-central1.cloudfunctions.appspot.com/977dbcda-be2a-4ea1-a535-2e8493bcd4e8.zip?GoogleAccessId=service-85350339181@gcf-admin-robot.iam.gserviceaccount.com&Expires=1751437669&Signature=Z323xLAdjmzd6iXl24lQOz%2F5%2FK%2BiccUi2pOivPR0ymBmXHIej8DCDiixx%2F5vTAeHmewd3%2BDCgBJKrpLD3WEwtdk7kmC6ki5uqYx9PDYdAriTqjlrOc1gjKJpkZSXI%2FG6iLkSw4h7Cp%2F1lyvOlmcKt22mVan0H2DY6cahbRHtOszceieaLugqbHujdvRUPjS%2FvdH5biQEfoEpjs3EyUKQ05mEGBUONhoyhci4x%2Fmn5ywB%2FdH9Hb0tDWlJWUQ2HE9lixRh1xc8MRfK%2BZ74BkiuOOo2K03Tru6DhvGYrzHlLgn3H78vV2rYllbzyJF42FYCHtTp7KnnvkO8ITCXve1U8A%3D%3D","environmentVariables":{"FIREBASE_CONFIG":"{\"projectId\":\"shift-12948\",\"storageBucket\":\"shift-12948.firebasestorage.app\"}","GCLOUD_PROJECT":"shift-12948","EVENTARC_CLOUD_EVENT_SOURCE":"projects/shift-12948/locations/us-central1/functions/getCompatibleMembers"},"runtime":"nodejs20","buildEnvironmentVariables":{"GOOGLE_NODE_RUN_SCRIPTS":""},"dockerRegistry":"ARTIFACT_REGISTRY"},"versionId":"1","updateTime":"2025-07-02T05:57:50.543776747Z"}}
[debug] [2025-07-02T05:57:54.464Z] [create-default-us-central1-getCompatibleMembers] Retrying task index 0
[debug] [2025-07-02T05:57:54.465Z] Checked if tokens are valid: true, expires at: 1751438840580
[debug] [2025-07-02T05:57:54.465Z] Checked if tokens are valid: true, expires at: 1751438840580
[debug] [2025-07-02T05:57:54.465Z] >>> [apiv2][query] GET https://cloudfunctions.googleapis.com/v1/operations/cHJvamVjdHMvc2hpZnQtMTI5NDgvbG9jYXRpb25zL3VzLWNlbnRyYWwxL29wZXJhdGlvbnMvb3BlcmF0aW9uLTE3NTE0MzU4NzAxNDMtNjM4ZWJmMGUzMDVkZS03NzA3MzY2My0yZmZiNGRkYQ [none]
[debug] [2025-07-02T05:57:54.578Z] <<< [apiv2][status] GET https://cloudfunctions.googleapis.com/v1/operations/cHJvamVjdHMvc2hpZnQtMTI5NDgvbG9jYXRpb25zL3VzLWNlbnRyYWwxL29wZXJhdGlvbnMvb3BlcmF0aW9uLTE3NTE0MzU4NzAxNDMtNjM4ZWJmMGUzMDVkZS03NzA3MzY2My0yZmZiNGRkYQ 200
[debug] [2025-07-02T05:57:54.578Z] <<< [apiv2][body] GET https://cloudfunctions.googleapis.com/v1/operations/cHJvamVjdHMvc2hpZnQtMTI5NDgvbG9jYXRpb25zL3VzLWNlbnRyYWwxL29wZXJhdGlvbnMvb3BlcmF0aW9uLTE3NTE0MzU4NzAxNDMtNjM4ZWJmMGUzMDVkZS03NzA3MzY2My0yZmZiNGRkYQ {"name":"operations/cHJvamVjdHMvc2hpZnQtMTI5NDgvbG9jYXRpb25zL3VzLWNlbnRyYWwxL29wZXJhdGlvbnMvb3BlcmF0aW9uLTE3NTE0MzU4NzAxNDMtNjM4ZWJmMGUzMDVkZS03NzA3MzY2My0yZmZiNGRkYQ","metadata":{"@type":"type.googleapis.com/google.cloud.functions.v1.OperationMetadataV1","target":"projects/shift-12948/locations/us-central1/functions/getCompatibleMembers","type":"CREATE_FUNCTION","request":{"@type":"type.googleapis.com/google.cloud.functions.v1.CloudFunction","name":"projects/shift-12948/locations/us-central1/functions/getCompatibleMembers","httpsTrigger":{"securityLevel":"SECURE_ALWAYS"},"entryPoint":"getCompatibleMembers","updateTime":"1970-01-01T00:00:00Z","labels":{"deployment-tool":"cli-firebase","deployment-callable":"true","firebase-functions-hash":"d7a17dedd23997e2872765b6c97c63c764fda75c"},"sourceUploadUrl":"https://storage.googleapis.com/uploads-1076870661512.us-central1.cloudfunctions.appspot.com/977dbcda-be2a-4ea1-a535-2e8493bcd4e8.zip?GoogleAccessId=service-85350339181@gcf-admin-robot.iam.gserviceaccount.com&Expires=1751437669&Signature=Z323xLAdjmzd6iXl24lQOz%2F5%2FK%2BiccUi2pOivPR0ymBmXHIej8DCDiixx%2F5vTAeHmewd3%2BDCgBJKrpLD3WEwtdk7kmC6ki5uqYx9PDYdAriTqjlrOc1gjKJpkZSXI%2FG6iLkSw4h7Cp%2F1lyvOlmcKt22mVan0H2DY6cahbRHtOszceieaLugqbHujdvRUPjS%2FvdH5biQEfoEpjs3EyUKQ05mEGBUONhoyhci4x%2Fmn5ywB%2FdH9Hb0tDWlJWUQ2HE9lixRh1xc8MRfK%2BZ74BkiuOOo2K03Tru6DhvGYrzHlLgn3H78vV2rYllbzyJF42FYCHtTp7KnnvkO8ITCXve1U8A%3D%3D","environmentVariables":{"FIREBASE_CONFIG":"{\"projectId\":\"shift-12948\",\"storageBucket\":\"shift-12948.firebasestorage.app\"}","GCLOUD_PROJECT":"shift-12948","EVENTARC_CLOUD_EVENT_SOURCE":"projects/shift-12948/locations/us-central1/functions/getCompatibleMembers"},"runtime":"nodejs20","buildEnvironmentVariables":{"GOOGLE_NODE_RUN_SCRIPTS":""},"dockerRegistry":"ARTIFACT_REGISTRY"},"versionId":"1","updateTime":"2025-07-02T05:57:50.543776747Z","buildId":"e7cc3209-6697-46fd-b0a7-991f1bb6fec9","buildName":"projects/85350339181/locations/us-central1/builds/e7cc3209-6697-46fd-b0a7-991f1bb6fec9"}}
[debug] [2025-07-02T05:57:58.580Z] [create-default-us-central1-getCompatibleMembers] Retrying task index 0
[debug] [2025-07-02T05:57:58.580Z] Checked if tokens are valid: true, expires at: 1751438840580
[debug] [2025-07-02T05:57:58.580Z] Checked if tokens are valid: true, expires at: 1751438840580
[debug] [2025-07-02T05:57:58.580Z] >>> [apiv2][query] GET https://cloudfunctions.googleapis.com/v1/operations/cHJvamVjdHMvc2hpZnQtMTI5NDgvbG9jYXRpb25zL3VzLWNlbnRyYWwxL29wZXJhdGlvbnMvb3BlcmF0aW9uLTE3NTE0MzU4NzAxNDMtNjM4ZWJmMGUzMDVkZS03NzA3MzY2My0yZmZiNGRkYQ [none]
[debug] [2025-07-02T05:57:58.730Z] <<< [apiv2][status] GET https://cloudfunctions.googleapis.com/v1/operations/cHJvamVjdHMvc2hpZnQtMTI5NDgvbG9jYXRpb25zL3VzLWNlbnRyYWwxL29wZXJhdGlvbnMvb3BlcmF0aW9uLTE3NTE0MzU4NzAxNDMtNjM4ZWJmMGUzMDVkZS03NzA3MzY2My0yZmZiNGRkYQ 200
[debug] [2025-07-02T05:57:58.730Z] <<< [apiv2][body] GET https://cloudfunctions.googleapis.com/v1/operations/cHJvamVjdHMvc2hpZnQtMTI5NDgvbG9jYXRpb25zL3VzLWNlbnRyYWwxL29wZXJhdGlvbnMvb3BlcmF0aW9uLTE3NTE0MzU4NzAxNDMtNjM4ZWJmMGUzMDVkZS03NzA3MzY2My0yZmZiNGRkYQ {"name":"operations/cHJvamVjdHMvc2hpZnQtMTI5NDgvbG9jYXRpb25zL3VzLWNlbnRyYWwxL29wZXJhdGlvbnMvb3BlcmF0aW9uLTE3NTE0MzU4NzAxNDMtNjM4ZWJmMGUzMDVkZS03NzA3MzY2My0yZmZiNGRkYQ","metadata":{"@type":"type.googleapis.com/google.cloud.functions.v1.OperationMetadataV1","target":"projects/shift-12948/locations/us-central1/functions/getCompatibleMembers","type":"CREATE_FUNCTION","request":{"@type":"type.googleapis.com/google.cloud.functions.v1.CloudFunction","name":"projects/shift-12948/locations/us-central1/functions/getCompatibleMembers","httpsTrigger":{"securityLevel":"SECURE_ALWAYS"},"entryPoint":"getCompatibleMembers","updateTime":"1970-01-01T00:00:00Z","labels":{"deployment-tool":"cli-firebase","deployment-callable":"true","firebase-functions-hash":"d7a17dedd23997e2872765b6c97c63c764fda75c"},"sourceUploadUrl":"https://storage.googleapis.com/uploads-1076870661512.us-central1.cloudfunctions.appspot.com/977dbcda-be2a-4ea1-a535-2e8493bcd4e8.zip?GoogleAccessId=service-85350339181@gcf-admin-robot.iam.gserviceaccount.com&Expires=1751437669&Signature=Z323xLAdjmzd6iXl24lQOz%2F5%2FK%2BiccUi2pOivPR0ymBmXHIej8DCDiixx%2F5vTAeHmewd3%2BDCgBJKrpLD3WEwtdk7kmC6ki5uqYx9PDYdAriTqjlrOc1gjKJpkZSXI%2FG6iLkSw4h7Cp%2F1lyvOlmcKt22mVan0H2DY6cahbRHtOszceieaLugqbHujdvRUPjS%2FvdH5biQEfoEpjs3EyUKQ05mEGBUONhoyhci4x%2Fmn5ywB%2FdH9Hb0tDWlJWUQ2HE9lixRh1xc8MRfK%2BZ74BkiuOOo2K03Tru6DhvGYrzHlLgn3H78vV2rYllbzyJF42FYCHtTp7KnnvkO8ITCXve1U8A%3D%3D","environmentVariables":{"FIREBASE_CONFIG":"{\"projectId\":\"shift-12948\",\"storageBucket\":\"shift-12948.firebasestorage.app\"}","GCLOUD_PROJECT":"shift-12948","EVENTARC_CLOUD_EVENT_SOURCE":"projects/shift-12948/locations/us-central1/functions/getCompatibleMembers"},"runtime":"nodejs20","buildEnvironmentVariables":{"GOOGLE_NODE_RUN_SCRIPTS":""},"dockerRegistry":"ARTIFACT_REGISTRY"},"versionId":"1","updateTime":"2025-07-02T05:57:50.543776747Z","buildId":"e7cc3209-6697-46fd-b0a7-991f1bb6fec9","buildName":"projects/85350339181/locations/us-central1/builds/e7cc3209-6697-46fd-b0a7-991f1bb6fec9"}}
[debug] [2025-07-02T05:58:06.731Z] [create-default-us-central1-getCompatibleMembers] Retrying task index 0
[debug] [2025-07-02T05:58:06.732Z] Checked if tokens are valid: true, expires at: 1751438840580
[debug] [2025-07-02T05:58:06.733Z] Checked if tokens are valid: true, expires at: 1751438840580
[debug] [2025-07-02T05:58:06.733Z] >>> [apiv2][query] GET https://cloudfunctions.googleapis.com/v1/operations/cHJvamVjdHMvc2hpZnQtMTI5NDgvbG9jYXRpb25zL3VzLWNlbnRyYWwxL29wZXJhdGlvbnMvb3BlcmF0aW9uLTE3NTE0MzU4NzAxNDMtNjM4ZWJmMGUzMDVkZS03NzA3MzY2My0yZmZiNGRkYQ [none]
[debug] [2025-07-02T05:58:06.868Z] <<< [apiv2][status] GET https://cloudfunctions.googleapis.com/v1/operations/cHJvamVjdHMvc2hpZnQtMTI5NDgvbG9jYXRpb25zL3VzLWNlbnRyYWwxL29wZXJhdGlvbnMvb3BlcmF0aW9uLTE3NTE0MzU4NzAxNDMtNjM4ZWJmMGUzMDVkZS03NzA3MzY2My0yZmZiNGRkYQ 200
[debug] [2025-07-02T05:58:06.868Z] <<< [apiv2][body] GET https://cloudfunctions.googleapis.com/v1/operations/cHJvamVjdHMvc2hpZnQtMTI5NDgvbG9jYXRpb25zL3VzLWNlbnRyYWwxL29wZXJhdGlvbnMvb3BlcmF0aW9uLTE3NTE0MzU4NzAxNDMtNjM4ZWJmMGUzMDVkZS03NzA3MzY2My0yZmZiNGRkYQ {"name":"operations/cHJvamVjdHMvc2hpZnQtMTI5NDgvbG9jYXRpb25zL3VzLWNlbnRyYWwxL29wZXJhdGlvbnMvb3BlcmF0aW9uLTE3NTE0MzU4NzAxNDMtNjM4ZWJmMGUzMDVkZS03NzA3MzY2My0yZmZiNGRkYQ","metadata":{"@type":"type.googleapis.com/google.cloud.functions.v1.OperationMetadataV1","target":"projects/shift-12948/locations/us-central1/functions/getCompatibleMembers","type":"CREATE_FUNCTION","request":{"@type":"type.googleapis.com/google.cloud.functions.v1.CloudFunction","name":"projects/shift-12948/locations/us-central1/functions/getCompatibleMembers","httpsTrigger":{"securityLevel":"SECURE_ALWAYS"},"entryPoint":"getCompatibleMembers","updateTime":"1970-01-01T00:00:00Z","labels":{"deployment-tool":"cli-firebase","deployment-callable":"true","firebase-functions-hash":"d7a17dedd23997e2872765b6c97c63c764fda75c"},"sourceUploadUrl":"https://storage.googleapis.com/uploads-1076870661512.us-central1.cloudfunctions.appspot.com/977dbcda-be2a-4ea1-a535-2e8493bcd4e8.zip?GoogleAccessId=service-85350339181@gcf-admin-robot.iam.gserviceaccount.com&Expires=1751437669&Signature=Z323xLAdjmzd6iXl24lQOz%2F5%2FK%2BiccUi2pOivPR0ymBmXHIej8DCDiixx%2F5vTAeHmewd3%2BDCgBJKrpLD3WEwtdk7kmC6ki5uqYx9PDYdAriTqjlrOc1gjKJpkZSXI%2FG6iLkSw4h7Cp%2F1lyvOlmcKt22mVan0H2DY6cahbRHtOszceieaLugqbHujdvRUPjS%2FvdH5biQEfoEpjs3EyUKQ05mEGBUONhoyhci4x%2Fmn5ywB%2FdH9Hb0tDWlJWUQ2HE9lixRh1xc8MRfK%2BZ74BkiuOOo2K03Tru6DhvGYrzHlLgn3H78vV2rYllbzyJF42FYCHtTp7KnnvkO8ITCXve1U8A%3D%3D","environmentVariables":{"FIREBASE_CONFIG":"{\"projectId\":\"shift-12948\",\"storageBucket\":\"shift-12948.firebasestorage.app\"}","GCLOUD_PROJECT":"shift-12948","EVENTARC_CLOUD_EVENT_SOURCE":"projects/shift-12948/locations/us-central1/functions/getCompatibleMembers"},"runtime":"nodejs20","buildEnvironmentVariables":{"GOOGLE_NODE_RUN_SCRIPTS":""},"dockerRegistry":"ARTIFACT_REGISTRY"},"versionId":"1","updateTime":"2025-07-02T05:57:50.543776747Z","buildId":"e7cc3209-6697-46fd-b0a7-991f1bb6fec9","buildName":"projects/85350339181/locations/us-central1/builds/e7cc3209-6697-46fd-b0a7-991f1bb6fec9"}}
